<?xml version="1.0" encoding="UTF-8"?>
<!-- Generated by org.testng.reporters.JUnitReportReporter -->
<testsuite hostname="PS040" failures="0" tests="1" name="IndividualFlows.Reports_ParticipantFileFednow" time="19.489" errors="0" timestamp="2025-06-17T14:42:41 IST" skipped="0">
  <testcase classname="IndividualFlows.Reports_ParticipantFileFednow" name="ParticipantFile_FedNow" time="19.489"/>
</testsuite> <!-- IndividualFlows.Reports_ParticipantFileFednow -->
