<?xml version="1.0" encoding="UTF-8"?>
<!-- Generated by org.testng.reporters.JUnitReportReporter -->
<testsuite hostname="PS040" failures="0" tests="1" name="IndividualFlows.FedwireBatchTest" time="2.166" errors="0" timestamp="2025-06-17T14:42:41 IST" skipped="0">
  <testcase classname="IndividualFlows.FedwireBatchTest" name="Batchcreation" time="2.166"/>
</testsuite> <!-- IndividualFlows.FedwireBatchTest -->
