<?xml version="1.0" encoding="UTF-8"?>
<!-- Generated by org.testng.reporters.JUnitReportReporter -->
<testsuite hostname="DESKTOP-P3TT7KC" failures="0" tests="1" name="IndividualFlows.FednowBatchTest" time="6.278" errors="0" timestamp="2025-07-22T12:37:00 IST" skipped="0">
  <testcase classname="IndividualFlows.FednowBatchTest" name="Batchcreation" time="6.278"/>
</testsuite> <!-- IndividualFlows.FednowBatchTest -->
