<?xml version="1.0" encoding="UTF-8"?>
<!-- Generated by org.testng.reporters.JUnitReportReporter -->
<testsuite hostname="DESKTOP-P3TT7KC" failures="0" tests="1" name="IndividualFlows.FedwireBatchTest" time="8.274" errors="0" timestamp="2025-07-22T12:37:00 IST" skipped="0">
  <testcase classname="IndividualFlows.FedwireBatchTest" name="Batchcreation" time="8.274"/>
</testsuite> <!-- IndividualFlows.FedwireBatchTest -->
