<?xml version="1.0" encoding="UTF-8"?>
<!-- Generated by org.testng.reporters.JUnitReportReporter -->
<testsuite hostname="DESKTOP-P3TT7KC" failures="0" tests="1" name="IndividualFlows.Reports_ParticipantFileFedwire" time="23.568" errors="0" timestamp="2025-07-22T12:37:00 IST" skipped="0">
  <testcase classname="IndividualFlows.Reports_ParticipantFileFedwire" name="ParticipantFile_Fedwire" time="23.568"/>
</testsuite> <!-- IndividualFlows.Reports_ParticipantFileFedwire -->
