<?xml version="1.0" encoding="UTF-8"?>
<!-- Generated by org.testng.reporters.JUnitReportReporter -->
<testsuite hostname="DESKTOP-P3TT7KC" failures="0" tests="1" name="IndividualFlows.Fedwire_ExecutionsSummaryTest" time="131.459" errors="0" timestamp="2025-07-22T12:37:00 IST" skipped="0">
  <testcase classname="IndividualFlows.Fedwire_ExecutionsSummaryTest" name="FedwireBatchExecutionSummaryResults" time="131.459"/>
</testsuite> <!-- IndividualFlows.Fedwire_ExecutionsSummaryTest -->
