<?xml version="1.0" encoding="UTF-8"?>
<!-- Generated by org.testng.reporters.JUnitReportReporter -->
<testsuite hostname="DESKTOP-P3TT7KC" failures="0" tests="1" name="IndividualFlows.Reports_AccountReportingFedwire" time="133.070" errors="0" timestamp="2025-07-22T12:37:00 IST" skipped="0">
  <testcase classname="IndividualFlows.Reports_AccountReportingFedwire" name="AccountReportingTest_Fedwire" time="133.070"/>
</testsuite> <!-- IndividualFlows.Reports_AccountReportingFedwire -->
