<?xml version="1.0" encoding="UTF-8"?>
<!-- Generated by org.testng.reporters.JUnitReportReporter -->
<testsuite hostname="DESKTOP-P3TT7KC" failures="0" tests="1" name="IndividualFlows.Fednow_ExecutionsSummary" time="75.889" errors="0" timestamp="2025-07-22T12:37:00 IST" skipped="0">
  <testcase classname="IndividualFlows.Fednow_ExecutionsSummary" name="FednowBatchExecutionSummaryResults" time="75.889"/>
</testsuite> <!-- IndividualFlows.Fednow_ExecutionsSummary -->
